c:\users\vladb\documents\submarin_opengl\opengl_submarine\opengl_submarine\x64\debug\vc143.pdb
c:\users\vladb\documents\submarin_opengl\opengl_submarine\opengl_submarine\x64\debug\vc143.idb
c:\users\vladb\documents\submarin_opengl\opengl_submarine\opengl_submarine\x64\debug\skybox.obj
c:\users\vladb\documents\submarin_opengl\opengl_submarine\opengl_submarine\x64\debug\shader.obj
c:\users\vladb\documents\submarin_opengl\opengl_submarine\opengl_submarine\x64\debug\opengl_submarine.obj
c:\users\vladb\documents\submarin_opengl\opengl_submarine\opengl_submarine\x64\debug\ocean.obj
c:\users\vladb\documents\submarin_opengl\opengl_submarine\opengl_submarine\x64\debug\gerstnerwave.obj
c:\users\vladb\documents\submarin_opengl\opengl_submarine\opengl_submarine\x64\debug\camera.obj
c:\users\vladb\documents\submarin_opengl\opengl_submarine\x64\debug\opengl_submarine.pdb
c:\users\vladb\documents\submarin_opengl\opengl_submarine\opengl_submarine\x64\debug\opengl_submarine.tlog\cl.command.1.tlog
c:\users\vladb\documents\submarin_opengl\opengl_submarine\opengl_submarine\x64\debug\opengl_submarine.tlog\cl.read.1.tlog
c:\users\vladb\documents\submarin_opengl\opengl_submarine\opengl_submarine\x64\debug\opengl_submarine.tlog\cl.write.1.tlog
c:\users\vladb\documents\submarin_opengl\opengl_submarine\opengl_submarine\x64\debug\opengl_submarine.tlog\link-cvtres.read.1.tlog
c:\users\vladb\documents\submarin_opengl\opengl_submarine\opengl_submarine\x64\debug\opengl_submarine.tlog\link-cvtres.write.1.tlog
c:\users\vladb\documents\submarin_opengl\opengl_submarine\opengl_submarine\x64\debug\opengl_submarine.tlog\link-rc.read.1.tlog
c:\users\vladb\documents\submarin_opengl\opengl_submarine\opengl_submarine\x64\debug\opengl_submarine.tlog\link-rc.write.1.tlog
c:\users\vladb\documents\submarin_opengl\opengl_submarine\opengl_submarine\x64\debug\opengl_submarine.tlog\link.command.1.tlog
c:\users\vladb\documents\submarin_opengl\opengl_submarine\opengl_submarine\x64\debug\opengl_submarine.tlog\link.read.1.tlog
c:\users\vladb\documents\submarin_opengl\opengl_submarine\opengl_submarine\x64\debug\opengl_submarine.tlog\link.read.2.tlog
c:\users\vladb\documents\submarin_opengl\opengl_submarine\opengl_submarine\x64\debug\opengl_submarine.tlog\link.read.3.tlog
c:\users\vladb\documents\submarin_opengl\opengl_submarine\opengl_submarine\x64\debug\opengl_submarine.tlog\link.read.4.tlog
c:\users\vladb\documents\submarin_opengl\opengl_submarine\opengl_submarine\x64\debug\opengl_submarine.tlog\link.write.1.tlog
